[debug] [2025-08-21T19:18:14.984Z] ----------------------------------------------------------------------
[debug] [2025-08-21T19:18:14.986Z] Command:       /Users/marquese/.nvm/versions/node/v22.17.1/bin/node /Users/marquese/.nvm/versions/node/v22.17.1/bin/firebase deploy
[debug] [2025-08-21T19:18:14.986Z] CLI Version:   14.12.1
[debug] [2025-08-21T19:18:14.986Z] Platform:      darwin
[debug] [2025-08-21T19:18:14.986Z] Node Version:  v22.17.1
[debug] [2025-08-21T19:18:14.987Z] Time:          Thu Aug 21 2025 21:18:14 GMT+0200 (Central European Summer Time)
[debug] [2025-08-21T19:18:14.987Z] ----------------------------------------------------------------------
[debug] 
[debug] [2025-08-21T19:18:15.084Z] > command requires scopes: ["email","openid","https://www.googleapis.com/auth/cloudplatformprojects.readonly","https://www.googleapis.com/auth/firebase","https://www.googleapis.com/auth/cloud-platform"]
[debug] [2025-08-21T19:18:15.084Z] > authorizing via signed-in user (info@elira.hu)
[debug] [2025-08-21T19:18:15.084Z] [iam] checking project elira-landing for permissions ["cloudfunctions.functions.create","cloudfunctions.functions.delete","cloudfunctions.functions.get","cloudfunctions.functions.list","cloudfunctions.functions.update","cloudfunctions.operations.get","datastore.indexes.create","datastore.indexes.delete","datastore.indexes.list","datastore.indexes.update","firebase.projects.get","firebasehosting.sites.update"]
[debug] [2025-08-21T19:18:15.085Z] Checked if tokens are valid: false, expires at: 1755645867892
[debug] [2025-08-21T19:18:15.085Z] Checked if tokens are valid: false, expires at: 1755645867892
[debug] [2025-08-21T19:18:15.085Z] > refreshing access token with scopes: []
[debug] [2025-08-21T19:18:15.086Z] >>> [apiv2][query] POST https://www.googleapis.com/oauth2/v3/token [none]
[debug] [2025-08-21T19:18:15.086Z] >>> [apiv2][body] POST https://www.googleapis.com/oauth2/v3/token [omitted]
[debug] [2025-08-21T19:18:15.237Z] <<< [apiv2][status] POST https://www.googleapis.com/oauth2/v3/token 400
[debug] [2025-08-21T19:18:15.237Z] <<< [apiv2][body] POST https://www.googleapis.com/oauth2/v3/token [omitted]
[error] Authentication Error: Your credentials are no longer valid. Please run firebase login --reauth

For CI servers and headless environments, generate a new token with firebase login:ci
[error] Authentication Error: Your credentials are no longer valid. Please run firebase login --reauth

For CI servers and headless environments, generate a new token with firebase login:ci
[debug] [2025-08-21T19:18:15.238Z] [iam] error while checking permissions, command may fail: Authentication Error: Your credentials are no longer valid. Please run firebase login --reauth

For CI servers and headless environments, generate a new token with firebase login:ci
[debug] [2025-08-21T19:18:15.238Z] Checked if tokens are valid: false, expires at: 1755645867892
[debug] [2025-08-21T19:18:15.238Z] Checked if tokens are valid: false, expires at: 1755645867892
[debug] [2025-08-21T19:18:15.238Z] > refreshing access token with scopes: []
[debug] [2025-08-21T19:18:15.238Z] >>> [apiv2][query] POST https://www.googleapis.com/oauth2/v3/token [none]
[debug] [2025-08-21T19:18:15.238Z] >>> [apiv2][body] POST https://www.googleapis.com/oauth2/v3/token [omitted]
[debug] [2025-08-21T19:18:15.301Z] <<< [apiv2][status] POST https://www.googleapis.com/oauth2/v3/token 400
[debug] [2025-08-21T19:18:15.301Z] <<< [apiv2][body] POST https://www.googleapis.com/oauth2/v3/token [omitted]
[error] Authentication Error: Your credentials are no longer valid. Please run firebase login --reauth

For CI servers and headless environments, generate a new token with firebase login:ci
[error] Authentication Error: Your credentials are no longer valid. Please run firebase login --reauth

For CI servers and headless environments, generate a new token with firebase login:ci
[debug] [2025-08-21T19:18:15.301Z] [functions] service account IAM check errored, deploy may fail: Authentication Error: Your credentials are no longer valid. Please run firebase login --reauth

For CI servers and headless environments, generate a new token with firebase login:ci {"name":"FirebaseError","children":[],"exit":1,"message":"Authentication Error: Your credentials are no longer valid. Please run \u001b[1mfirebase login --reauth\u001b[22m\n\nFor CI servers and headless environments, generate a new token with \u001b[1mfirebase login:ci\u001b[22m","status":500}
[debug] [2025-08-21T19:18:15.302Z] Checked if tokens are valid: false, expires at: 1755645867892
[debug] [2025-08-21T19:18:15.302Z] Checked if tokens are valid: false, expires at: 1755645867892
[debug] [2025-08-21T19:18:15.302Z] > refreshing access token with scopes: []
[debug] [2025-08-21T19:18:15.302Z] >>> [apiv2][query] POST https://www.googleapis.com/oauth2/v3/token [none]
[debug] [2025-08-21T19:18:15.302Z] >>> [apiv2][body] POST https://www.googleapis.com/oauth2/v3/token [omitted]
[debug] [2025-08-21T19:18:15.366Z] <<< [apiv2][status] POST https://www.googleapis.com/oauth2/v3/token 400
[debug] [2025-08-21T19:18:15.366Z] <<< [apiv2][body] POST https://www.googleapis.com/oauth2/v3/token [omitted]
[error] Authentication Error: Your credentials are no longer valid. Please run firebase login --reauth

For CI servers and headless environments, generate a new token with firebase login:ci
[error] Authentication Error: Your credentials are no longer valid. Please run firebase login --reauth

For CI servers and headless environments, generate a new token with firebase login:ci
[debug] [2025-08-21T19:18:15.366Z] Authentication Error: Your credentials are no longer valid. Please run firebase login --reauth

For CI servers and headless environments, generate a new token with firebase login:ci
[error] 
[error] Error: Assertion failed: resolving hosting target of a site with no site name or target name. This should have caused an error earlier
[debug] [2025-08-21T19:18:52.039Z] ----------------------------------------------------------------------
[debug] [2025-08-21T19:18:52.042Z] Command:       /Users/marquese/.nvm/versions/node/v22.17.1/bin/node /Users/marquese/.nvm/versions/node/v22.17.1/bin/firebase deploy
[debug] [2025-08-21T19:18:52.042Z] CLI Version:   14.13.0
[debug] [2025-08-21T19:18:52.042Z] Platform:      darwin
[debug] [2025-08-21T19:18:52.042Z] Node Version:  v22.17.1
[debug] [2025-08-21T19:18:52.042Z] Time:          Thu Aug 21 2025 21:18:52 GMT+0200 (Central European Summer Time)
[debug] [2025-08-21T19:18:52.043Z] ----------------------------------------------------------------------
[debug] 
[debug] [2025-08-21T19:18:52.136Z] > command requires scopes: ["email","openid","https://www.googleapis.com/auth/cloudplatformprojects.readonly","https://www.googleapis.com/auth/firebase","https://www.googleapis.com/auth/cloud-platform"]
[debug] [2025-08-21T19:18:52.136Z] > authorizing via signed-in user (info@elira.hu)
[debug] [2025-08-21T19:18:52.136Z] [iam] checking project elira-landing for permissions ["cloudfunctions.functions.create","cloudfunctions.functions.delete","cloudfunctions.functions.get","cloudfunctions.functions.list","cloudfunctions.functions.update","cloudfunctions.operations.get","datastore.indexes.create","datastore.indexes.delete","datastore.indexes.list","datastore.indexes.update","firebase.projects.get","firebasehosting.sites.update"]
[debug] [2025-08-21T19:18:52.137Z] Checked if tokens are valid: false, expires at: 1755645867892
[debug] [2025-08-21T19:18:52.137Z] Checked if tokens are valid: false, expires at: 1755645867892
[debug] [2025-08-21T19:18:52.137Z] > refreshing access token with scopes: []
[debug] [2025-08-21T19:18:52.138Z] >>> [apiv2][query] POST https://www.googleapis.com/oauth2/v3/token [none]
[debug] [2025-08-21T19:18:52.138Z] >>> [apiv2][body] POST https://www.googleapis.com/oauth2/v3/token [omitted]
[debug] [2025-08-21T19:18:52.396Z] <<< [apiv2][status] POST https://www.googleapis.com/oauth2/v3/token 400
[debug] [2025-08-21T19:18:52.397Z] <<< [apiv2][body] POST https://www.googleapis.com/oauth2/v3/token [omitted]
[error] Authentication Error: Your credentials are no longer valid. Please run firebase login --reauth

For CI servers and headless environments, generate a new token with firebase login:ci
[error] Authentication Error: Your credentials are no longer valid. Please run firebase login --reauth

For CI servers and headless environments, generate a new token with firebase login:ci
[debug] [2025-08-21T19:18:52.397Z] [iam] error while checking permissions, command may fail: Authentication Error: Your credentials are no longer valid. Please run firebase login --reauth

For CI servers and headless environments, generate a new token with firebase login:ci
[debug] [2025-08-21T19:18:52.398Z] Checked if tokens are valid: false, expires at: 1755645867892
[debug] [2025-08-21T19:18:52.398Z] Checked if tokens are valid: false, expires at: 1755645867892
[debug] [2025-08-21T19:18:52.398Z] > refreshing access token with scopes: []
[debug] [2025-08-21T19:18:52.398Z] >>> [apiv2][query] POST https://www.googleapis.com/oauth2/v3/token [none]
[debug] [2025-08-21T19:18:52.398Z] >>> [apiv2][body] POST https://www.googleapis.com/oauth2/v3/token [omitted]
[debug] [2025-08-21T19:18:52.472Z] <<< [apiv2][status] POST https://www.googleapis.com/oauth2/v3/token 400
[debug] [2025-08-21T19:18:52.473Z] <<< [apiv2][body] POST https://www.googleapis.com/oauth2/v3/token [omitted]
[error] Authentication Error: Your credentials are no longer valid. Please run firebase login --reauth

For CI servers and headless environments, generate a new token with firebase login:ci
[error] Authentication Error: Your credentials are no longer valid. Please run firebase login --reauth

For CI servers and headless environments, generate a new token with firebase login:ci
[debug] [2025-08-21T19:18:52.473Z] [functions] service account IAM check errored, deploy may fail: Authentication Error: Your credentials are no longer valid. Please run firebase login --reauth

For CI servers and headless environments, generate a new token with firebase login:ci {"name":"FirebaseError","children":[],"exit":1,"message":"Authentication Error: Your credentials are no longer valid. Please run \u001b[1mfirebase login --reauth\u001b[22m\n\nFor CI servers and headless environments, generate a new token with \u001b[1mfirebase login:ci\u001b[22m","status":500}
[debug] [2025-08-21T19:18:52.474Z] Checked if tokens are valid: false, expires at: 1755645867892
[debug] [2025-08-21T19:18:52.474Z] Checked if tokens are valid: false, expires at: 1755645867892
[debug] [2025-08-21T19:18:52.474Z] > refreshing access token with scopes: []
[debug] [2025-08-21T19:18:52.474Z] >>> [apiv2][query] POST https://www.googleapis.com/oauth2/v3/token [none]
[debug] [2025-08-21T19:18:52.474Z] >>> [apiv2][body] POST https://www.googleapis.com/oauth2/v3/token [omitted]
[debug] [2025-08-21T19:18:52.545Z] <<< [apiv2][status] POST https://www.googleapis.com/oauth2/v3/token 400
[debug] [2025-08-21T19:18:52.545Z] <<< [apiv2][body] POST https://www.googleapis.com/oauth2/v3/token [omitted]
[error] Authentication Error: Your credentials are no longer valid. Please run firebase login --reauth

For CI servers and headless environments, generate a new token with firebase login:ci
[error] Authentication Error: Your credentials are no longer valid. Please run firebase login --reauth

For CI servers and headless environments, generate a new token with firebase login:ci
[debug] [2025-08-21T19:18:52.545Z] Authentication Error: Your credentials are no longer valid. Please run firebase login --reauth

For CI servers and headless environments, generate a new token with firebase login:ci
[error] 
[error] Error: Assertion failed: resolving hosting target of a site with no site name or target name. This should have caused an error earlier
